[2018-05-15 12:15:23]Archiving...
[2018-05-15 12:17:21]Archiving...
[2018-05-15 12:17:31]Adding "C:\Users\sthomas\.CLion2017.2"...
[2018-05-15 12:17:31]Archiving...
[2018-05-15 12:17:33]Adding "C:\Users\sthomas\Desktop\_Java Sound Test"...
[2018-05-15 12:17:33]Archiving...
[2018-05-15 12:17:36]Adding "C:\Users\sthomas\Desktop\bak"...
[2018-05-15 12:17:36]Archiving...
[2018-05-15 12:17:39]Adding "C:\Users\sthomas\Desktop\_Java Sound Test"...
[2018-05-15 12:17:39]Archiving...
[2018-05-15 12:17:42]Adding "C:\Users\sthomas\Desktop\createPlayer"...
[2018-05-15 12:17:42]Archiving...
[2018-05-15 12:17:44]Adding "C:\Users\sthomas\Desktop\glo-2001 - vm"...
[2018-05-15 12:17:44]Archiving...
[2018-05-15 12:19:46]Archiving...
[2018-05-15 12:20:19]Archiving...
[2018-05-15 12:21:09]Archiving...
[2018-05-15 12:21:21]Adding "C:\Users\sthomas\Desktop\logs"...
[2018-05-15 12:21:21]Archiving...
[2018-05-15 12:22:41]Archiving...
[2018-05-15 12:23:35]Archiving...
[2018-05-15 12:23:53]Adding "C:\Users\sthomas\Desktop\logs"...
[2018-05-15 12:23:53]Archiving...
[2018-05-15 12:23:56]Removing "C:\Users\sthomas\Desktop\logs"...
[2018-05-15 12:25:33]Archiving...
[2018-05-15 12:25:39]Adding "C:\Users\sthomas\Desktop\logs"...
[2018-05-15 12:25:39]Archiving...
[2018-05-15 12:25:47]Adding "C:\Users\sthomas\Desktop\_Java Sound Test"...
[2018-05-15 12:25:47]Archiving...
[2018-05-15 12:28:37]Archiving...
[2018-05-15 12:42:34]Archiving...
[2018-05-15 12:42:38]Removing "C:\Users\sthomas\Desktop\_Java Sound Test"...
[2018-05-15 12:42:46]Removing "C:\Users\sthomas\Desktop\logs"...
[2018-05-15 12:42:51]Adding "C:\Users\sthomas\Desktop\logs"...
[2018-05-15 12:42:51]Archiving...
[2018-05-15 12:43:13]Archiving...
[2018-05-15 13:26:30]Archiving...
[2018-05-15 13:26:37]Adding "C:\Users\sthomas\Desktop\logs"...
[2018-05-15 13:26:37]Archiving...
[2018-05-15 13:27:03]Archiving...
[2018-05-15 13:30:29]Archiving...
[2018-05-15 15:11:47]Removing old logs...
[2018-05-15 15:11:47]Archiving...
[2018-05-15 15:11:52]Adding "C:\Users\sthomas\Desktop\logs"...
[2018-05-15 15:11:52]Removing old logs...
[2018-05-15 15:11:52]Archiving...
[2018-05-15 15:12:42]Removing old logs...
[2018-05-15 15:12:42]Archiving...
[2018-05-16 08:01:48]Removing old logs...
[2018-05-16 08:01:48]Archiving...
[2018-05-16 08:04:08]Removing old logs...
[2018-05-16 08:04:08]Archiving...
[2018-05-16 08:05:49]Removing old logs...
[2018-05-16 08:05:49]Archiving...
[2018-05-16 08:06:31]Removing old logs...
[2018-05-16 08:06:31]Archiving...
[2018-05-16 09:54:37]Removing old logs...
[2018-05-16 09:54:37]Archiving...
[2018-05-16 09:55:47]Removing "C:\Users\sthomas\Desktop\log"...
[2018-05-16 09:55:47]"C:\Users\sthomas\Desktop\log" removed!
[2018-05-16 09:57:24]Adding "C:\Users\sthomas\Desktop\logs"...
[2018-05-16 09:57:24]"C:\Users\sthomas\Desktop\logs" added!
[2018-05-16 09:57:24]Removing old logs...
[2018-05-16 09:57:25]Archiving...
[2018-05-16 09:57:25]File: C:\Users\sthomas\Desktop\logs\dummy.txt
[2018-05-16 09:57:25]OK
[2018-05-16 09:57:25]2018-05-16 09:57:25 - 2018-05-16 09:54:59 = 0,00168064814814815 > 1
[2018-05-16 09:57:25]File: C:\Users\sthomas\Desktop\logs\dummy2 - Copie (2).txt
[2018-05-16 09:57:25]OK
[2018-05-16 09:57:25]2018-05-16 09:57:25 - 2018-05-16 09:55:29 = 0,00134224537037037 > 1
[2018-05-16 09:57:25]File: C:\Users\sthomas\Desktop\logs\dummy2 - Copie (3).txt
[2018-05-16 09:57:25]OK
[2018-05-16 09:57:25]2018-05-16 09:57:25 - 2018-05-16 09:55:29 = 0,00134225694444444 > 1
[2018-05-16 09:57:25]File: C:\Users\sthomas\Desktop\logs\dummy2 - Copie (4).txt
[2018-05-16 09:57:25]OK
[2018-05-16 09:57:25]2018-05-16 09:57:25 - 2018-05-16 09:55:29 = 0,00134226851851852 > 1
[2018-05-16 09:57:25]File: C:\Users\sthomas\Desktop\logs\dummy2 - Copie.txt
[2018-05-16 09:57:25]OK
[2018-05-16 09:57:25]2018-05-16 09:57:25 - 2018-05-16 09:55:29 = 0,00134226851851852 > 1
[2018-05-16 09:57:25]File: C:\Users\sthomas\Desktop\logs\dummy2.txt
[2018-05-16 09:57:25]OK
[2018-05-16 09:57:25]2018-05-16 09:57:25 - 2018-05-16 09:55:29 = 0,00134228009259259 > 1
[2018-05-16 09:57:25]File: C:\Users\sthomas\Desktop\logs\test - Copie (2).txt
[2018-05-16 09:57:25]OK
[2018-05-16 09:57:25]2018-05-16 09:57:25 - 2018-05-16 09:54:55 = 0,00173540509259259 > 1
[2018-05-16 09:57:25]File: C:\Users\sthomas\Desktop\logs\test - Copie.txt
[2018-05-16 09:57:25]OK
[2018-05-16 09:57:25]2018-05-16 09:57:25 - 2018-05-16 09:54:55 = 0,00173541666666667 > 1
[2018-05-16 09:57:25]File: C:\Users\sthomas\Desktop\logs\test.txt
[2018-05-16 09:57:25]OK
[2018-05-16 09:57:25]2018-05-16 09:57:25 - 2018-05-16 09:54:55 = 0,00173542824074074 > 1
[2018-05-16 09:58:20]Removing old logs...
[2018-05-16 09:58:20]Archiving...
[2018-05-16 09:58:20]File: C:\Users\sthomas\Desktop\logs\dummy.txt
[2018-05-16 09:58:20]OK
[2018-05-16 09:58:20]2018-05-16 09:58:20 - 2018-05-16 09:54:59 = 0,00231947916666667 > 0
[2018-05-16 09:58:20]OK2
[2018-05-16 09:58:20]File: C:\Users\sthomas\Desktop\logs\dummy2 - Copie (2).txt
[2018-05-16 09:58:20]OK
[2018-05-16 09:58:20]2018-05-16 09:58:20 - 2018-05-16 09:55:29 = 0,00198112268518519 > 0
[2018-05-16 09:58:20]OK2
[2018-05-16 09:58:20]File: C:\Users\sthomas\Desktop\logs\dummy2 - Copie (3).txt
[2018-05-16 09:58:20]OK
[2018-05-16 09:58:20]2018-05-16 09:58:20 - 2018-05-16 09:55:29 = 0,00198114583333333 > 0
[2018-05-16 09:58:20]OK2
[2018-05-16 09:58:20]File: C:\Users\sthomas\Desktop\logs\dummy2 - Copie (4).txt
[2018-05-16 09:58:20]OK
[2018-05-16 09:58:20]2018-05-16 09:58:20 - 2018-05-16 09:55:29 = 0,00198115740740741 > 0
[2018-05-16 09:58:20]OK2
[2018-05-16 09:58:20]File: C:\Users\sthomas\Desktop\logs\dummy2 - Copie.txt
[2018-05-16 09:58:20]OK
[2018-05-16 09:58:20]2018-05-16 09:58:20 - 2018-05-16 09:55:29 = 0,00198125 > 0
[2018-05-16 09:58:20]OK2
[2018-05-16 09:58:20]File: C:\Users\sthomas\Desktop\logs\dummy2.txt
[2018-05-16 09:58:20]OK
[2018-05-16 09:58:20]2018-05-16 09:58:20 - 2018-05-16 09:55:29 = 0,00198127314814815 > 0
[2018-05-16 09:58:20]OK2
[2018-05-16 09:58:20]File: C:\Users\sthomas\Desktop\logs\test - Copie (2).txt
[2018-05-16 09:58:20]OK
[2018-05-16 09:58:20]2018-05-16 09:58:20 - 2018-05-16 09:54:55 = 0,00237440972222222 > 0
[2018-05-16 09:58:20]OK2
[2018-05-16 09:58:20]File: C:\Users\sthomas\Desktop\logs\test - Copie.txt
[2018-05-16 09:58:20]OK
[2018-05-16 09:58:20]2018-05-16 09:58:20 - 2018-05-16 09:54:55 = 0,00237443287037037 > 0
[2018-05-16 09:58:20]OK2
[2018-05-16 09:58:20]File: C:\Users\sthomas\Desktop\logs\test.txt
[2018-05-16 09:58:20]OK
[2018-05-16 09:58:20]2018-05-16 09:58:20 - 2018-05-16 09:54:55 = 0,00237444444444444 > 0
[2018-05-16 09:58:20]OK2
[2018-05-16 09:58:21]Going to arc: C:\Users\sthomas\Desktop\logs\2018.5.16_logs.7z
[2018-05-16 09:58:21]Moving: C:\Users\sthomas\Desktop\logs\dummy.txt to C:\Users\sthomas\AppData\Local\Temp\logs\dummy.txt
[2018-05-16 09:58:21]Moving: C:\Users\sthomas\Desktop\logs\dummy2 - Copie (2).txt to C:\Users\sthomas\AppData\Local\Temp\logs\dummy2 - Copie (2).txt
[2018-05-16 09:58:21]Moving: C:\Users\sthomas\Desktop\logs\dummy2 - Copie (3).txt to C:\Users\sthomas\AppData\Local\Temp\logs\dummy2 - Copie (3).txt
[2018-05-16 09:58:21]Moving: C:\Users\sthomas\Desktop\logs\dummy2 - Copie (4).txt to C:\Users\sthomas\AppData\Local\Temp\logs\dummy2 - Copie (4).txt
[2018-05-16 09:58:21]Moving: C:\Users\sthomas\Desktop\logs\dummy2 - Copie.txt to C:\Users\sthomas\AppData\Local\Temp\logs\dummy2 - Copie.txt
[2018-05-16 09:58:21]Moving: C:\Users\sthomas\Desktop\logs\dummy2.txt to C:\Users\sthomas\AppData\Local\Temp\logs\dummy2.txt
[2018-05-16 09:58:21]Moving: C:\Users\sthomas\Desktop\logs\test - Copie (2).txt to C:\Users\sthomas\AppData\Local\Temp\logs\test - Copie (2).txt
[2018-05-16 09:58:21]Moving: C:\Users\sthomas\Desktop\logs\test - Copie.txt to C:\Users\sthomas\AppData\Local\Temp\logs\test - Copie.txt
[2018-05-16 09:58:21]Moving: C:\Users\sthomas\Desktop\logs\test.txt to C:\Users\sthomas\AppData\Local\Temp\logs\test.txt
[2018-05-16 09:58:21]Compressing...
[2018-05-16 09:59:34]Done compressing!
[2018-05-16 09:59:35]tmpDir deleted
[2018-05-16 09:59:35]C:\Users\sthomas\Desktop\logs\dummy.txt deleted
[2018-05-16 09:59:35]C:\Users\sthomas\Desktop\logs\dummy2 - Copie (2).txt deleted
[2018-05-16 09:59:35]C:\Users\sthomas\Desktop\logs\dummy2 - Copie (3).txt deleted
[2018-05-16 09:59:35]C:\Users\sthomas\Desktop\logs\dummy2 - Copie (4).txt deleted
[2018-05-16 09:59:35]C:\Users\sthomas\Desktop\logs\dummy2 - Copie.txt deleted
[2018-05-16 09:59:35]C:\Users\sthomas\Desktop\logs\dummy2.txt deleted
[2018-05-16 09:59:35]C:\Users\sthomas\Desktop\logs\test - Copie (2).txt deleted
[2018-05-16 09:59:35]C:\Users\sthomas\Desktop\logs\test - Copie.txt deleted
[2018-05-16 09:59:35]C:\Users\sthomas\Desktop\logs\test.txt deleted
