[2018-05-15 13:58:40]Removing old logs...
[2018-05-15 13:58:40]Archiving...
[2018-05-15 13:59:01]Adding "C:\Users\sthomas\Desktop\logs"...
[2018-05-15 13:59:01]Archiving...
[2018-05-15 13:59:01]Removing old logs...
[2018-05-15 14:07:31]Archiving...
[2018-05-15 14:07:31]Removing old logs...
[2018-05-15 14:07:55]Removing old logs...
[2018-05-15 14:07:55]Archiving...
[2018-05-15 14:08:55]Adding "C:\Users\sthomas\Desktop\logs"...
[2018-05-15 14:08:55]Removing old logs...
[2018-05-15 14:08:55]Archiving...
[2018-05-15 14:12:01]Archiving...
[2018-05-15 14:12:01]Removing old logs...
[2018-05-15 14:12:44]Removing "C:\Users\sthomas\Desktop\logs"...
[2018-05-15 14:12:53]Adding "C:\Users\sthomas\Desktop\logs"...
[2018-05-15 14:12:53]Removing old logs...
[2018-05-15 14:12:53]Archiving...
[2018-05-15 14:23:25]Removing old logs...
[2018-05-15 14:23:25]Archiving...
[2018-05-15 14:27:06]Removing old logs...
[2018-05-15 14:27:06]Archiving...
[2018-05-15 14:29:06]Removing old logs...
[2018-05-15 14:29:06]Archiving...
[2018-05-15 14:30:09]Removing old logs...
[2018-05-15 14:30:09]Archiving...
[2018-05-15 14:30:46]Removing old logs...
[2018-05-15 14:30:46]Archiving...
[2018-05-15 14:30:58]Removing old logs...
[2018-05-15 14:30:58]Archiving...
[2018-05-15 14:31:30]Removing old logs...
[2018-05-15 14:31:30]Archiving...
[2018-05-15 14:32:26]Removing old logs...
[2018-05-15 14:32:26]Archiving...
[2018-05-15 14:32:43]Removing old logs...
[2018-05-15 14:32:43]Archiving...
[2018-05-15 14:40:53]Removing old logs...
[2018-05-15 14:40:53]Archiving...
[2018-05-15 14:53:30]Removing old logs...
[2018-05-15 14:53:30]Archiving...
[2018-05-15 15:17:14]Removing old logs...
[2018-05-15 15:17:14]Archiving...
[2018-05-15 15:17:35]Removing old logs...
[2018-05-15 15:17:35]Archiving...
[2018-05-15 15:18:13]Adding "C:\Users\sthomas\Desktop\test"...
[2018-05-15 15:18:13]Removing old logs...
[2018-05-15 15:18:13]Archiving...
[2018-05-15 15:18:15]Removing old logs...
[2018-05-15 15:18:15]Archiving...
[2018-05-15 15:18:21]Removing old logs...
[2018-05-15 15:19:52]Removing old logs...
[2018-05-15 15:19:52]Archiving...
[2018-05-15 15:19:55]Removing "C:\Users\sthomas\Desktop\test"...
[2018-05-15 15:27:59]Removing old logs...
[2018-05-15 15:27:59]Archiving...
[2018-05-15 15:28:07]Adding "C:\Users\sthomas\Desktop\logs"...
[2018-05-15 15:28:07]Removing old logs...
[2018-05-15 15:28:07]Archiving...
[2018-05-16 08:01:39]Removing old logs...
[2018-05-16 08:01:39]Archiving...
[2018-05-16 09:20:04]Removing old logs...
[2018-05-16 09:20:04]Archiving...
[2018-05-16 09:21:28]Adding "C:\Users\sthomas\Desktop\logs"...
[2018-05-16 09:21:28]Removing old logs...
[2018-05-16 09:21:28]Archiving...
[2018-05-16 09:22:42]Removing old logs...
[2018-05-16 09:22:43]Archiving...
[2018-05-16 09:27:24]Removing old logs...
[2018-05-16 09:27:24]Archiving...
[2018-05-16 09:30:50]Removing old logs...
[2018-05-16 09:30:50]Archiving...
[2018-05-16 09:33:45]Removing old logs...
[2018-05-16 09:33:45]Archiving...
[2018-05-16 09:35:12]Removing old logs...
[2018-05-16 09:35:12]Archiving...
[2018-05-16 10:03:03]Removing old logs...
[2018-05-16 10:03:04]Archiving...
[2018-05-16 10:03:04]File: C:\Users\sthomas\Desktop\logs\2018.5.16_logs.7z
[2018-05-16 10:03:10]Removing "C:\Users\sthomas\Desktop\logs"...
[2018-05-16 10:03:10]"C:\Users\sthomas\Desktop\logs" removed!
